[3.222s] DEBUG:colcon:Command line arguments: ['/usr/bin/colcon', 'build']
[3.222s] DEBUG:colcon:Parsed command line arguments: Namespace(allow_overriding=[], ament_cmake_args=None, base_paths=['.'], build_base='build', catkin_cmake_args=None, catkin_skip_building_tests=False, cmake_args=None, cmake_clean_cache=False, cmake_clean_first=False, cmake_force_configure=False, cmake_target=None, cmake_target_skip_unavailable=False, continue_on_error=False, event_handlers=None, executor='parallel', ignore_user_meta=False, install_base='install', log_base=None, log_level=None, main=<bound method BuildVerb.main of <colcon_core.verb.build.BuildVerb object at 0x7f84443438>>, merge_install=False, metas=['./colcon.meta'], packages_above=None, packages_above_and_dependencies=None, packages_above_depth=None, packages_end=None, packages_ignore=None, packages_ignore_regex=None, packages_select=None, packages_select_build_failed=False, packages_select_by_dep=None, packages_select_regex=None, packages_select_test_failures=False, packages_skip=None, packages_skip_build_finished=False, packages_skip_by_dep=None, packages_skip_regex=None, packages_skip_test_passed=False, packages_skip_up_to=None, packages_start=None, packages_up_to=None, packages_up_to_regex=None, parallel_workers=4, paths=None, symlink_install=False, test_result_base=None, verb_extension=<colcon_core.verb.build.BuildVerb object at 0x7f84443438>, verb_name='build', verb_parser=<colcon_defaults.argument_parser.defaults.DefaultArgumentsDecorator object at 0x7f8428ea20>)
[3.485s] Level 1:colcon.colcon_core.package_discovery:discover_packages(colcon_meta) check parameters
[3.486s] Level 1:colcon.colcon_core.package_discovery:discover_packages(recursive) check parameters
[3.486s] Level 1:colcon.colcon_core.package_discovery:discover_packages(ignore) check parameters
[3.486s] Level 1:colcon.colcon_core.package_discovery:discover_packages(path) check parameters
[3.487s] Level 1:colcon.colcon_core.package_discovery:discover_packages(colcon_meta) discover
[3.488s] Level 1:colcon.colcon_core.package_discovery:discover_packages(recursive) discover
[3.488s] INFO:colcon.colcon_core.package_discovery:Crawling recursively for packages in '/media/brokkoly/Brokkoly/Brokkoly-SW/brokkoly_ws/src/perception_pcl/pcl_ros'
[3.489s] Level 1:colcon.colcon_core.package_identification:_identify(.) by extensions ['ignore', 'ignore_ament_install']
[3.489s] Level 1:colcon.colcon_core.package_identification:_identify(.) by extension 'ignore'
[3.489s] Level 1:colcon.colcon_core.package_identification:_identify(.) by extension 'ignore_ament_install'
[3.490s] Level 1:colcon.colcon_core.package_identification:_identify(.) by extensions ['colcon_pkg']
[3.490s] Level 1:colcon.colcon_core.package_identification:_identify(.) by extension 'colcon_pkg'
[3.490s] Level 1:colcon.colcon_core.package_identification:_identify(.) by extensions ['colcon_meta']
[3.490s] Level 1:colcon.colcon_core.package_identification:_identify(.) by extension 'colcon_meta'
[3.490s] Level 1:colcon.colcon_core.package_identification:_identify(.) by extensions ['ros']
[3.490s] Level 1:colcon.colcon_core.package_identification:_identify(.) by extension 'ros'
[3.675s] DEBUG:colcon.colcon_core.package_identification:Package '.' with type 'ros.ament_cmake' and name 'pcl_ros'
[3.675s] Level 1:colcon.colcon_core.package_discovery:discover_packages(recursive) using defaults
[3.677s] Level 1:colcon.colcon_core.package_discovery:discover_packages(ignore) discover
[3.677s] Level 1:colcon.colcon_core.package_discovery:discover_packages(ignore) using defaults
[3.677s] Level 1:colcon.colcon_core.package_discovery:discover_packages(path) discover
[3.677s] Level 1:colcon.colcon_core.package_discovery:discover_packages(path) using defaults
[3.969s] Level 1:colcon.colcon_core.package_discovery:discover_packages(prefix_path) check parameters
[3.969s] Level 1:colcon.colcon_core.package_discovery:discover_packages(prefix_path) discover
[4.105s] DEBUG:colcon.colcon_installed_package_information.package_discovery:Found 311 installed packages in /home/brokkoly/ros2_foxy/install
[4.119s] Level 1:colcon.colcon_core.package_discovery:discover_packages(prefix_path) using defaults
[4.253s] Level 5:colcon.colcon_core.verb:set package 'pcl_ros' build argument 'cmake_args' from command line to 'None'
[4.253s] Level 5:colcon.colcon_core.verb:set package 'pcl_ros' build argument 'cmake_target' from command line to 'None'
[4.253s] Level 5:colcon.colcon_core.verb:set package 'pcl_ros' build argument 'cmake_target_skip_unavailable' from command line to 'False'
[4.253s] Level 5:colcon.colcon_core.verb:set package 'pcl_ros' build argument 'cmake_clean_cache' from command line to 'False'
[4.254s] Level 5:colcon.colcon_core.verb:set package 'pcl_ros' build argument 'cmake_clean_first' from command line to 'False'
[4.254s] Level 5:colcon.colcon_core.verb:set package 'pcl_ros' build argument 'cmake_force_configure' from command line to 'False'
[4.254s] Level 5:colcon.colcon_core.verb:set package 'pcl_ros' build argument 'ament_cmake_args' from command line to 'None'
[4.254s] Level 5:colcon.colcon_core.verb:set package 'pcl_ros' build argument 'catkin_cmake_args' from command line to 'None'
[4.254s] Level 5:colcon.colcon_core.verb:set package 'pcl_ros' build argument 'catkin_skip_building_tests' from command line to 'False'
[4.254s] DEBUG:colcon.colcon_core.verb:Building package 'pcl_ros' with the following arguments: {'ament_cmake_args': None, 'build_base': '/media/brokkoly/Brokkoly/Brokkoly-SW/brokkoly_ws/src/perception_pcl/pcl_ros/build/pcl_ros', 'catkin_cmake_args': None, 'catkin_skip_building_tests': False, 'cmake_args': None, 'cmake_clean_cache': False, 'cmake_clean_first': False, 'cmake_force_configure': False, 'cmake_target': None, 'cmake_target_skip_unavailable': False, 'install_base': '/media/brokkoly/Brokkoly/Brokkoly-SW/brokkoly_ws/src/perception_pcl/pcl_ros/install/pcl_ros', 'merge_install': False, 'path': '/media/brokkoly/Brokkoly/Brokkoly-SW/brokkoly_ws/src/perception_pcl/pcl_ros', 'symlink_install': False, 'test_result_base': None}
[4.270s] INFO:colcon.colcon_core.executor:Executing jobs using 'parallel' executor
[4.357s] DEBUG:colcon.colcon_parallel_executor.executor.parallel:run_until_complete
[4.361s] INFO:colcon.colcon_ros.task.ament_cmake.build:Building ROS package in '/media/brokkoly/Brokkoly/Brokkoly-SW/brokkoly_ws/src/perception_pcl/pcl_ros' with build type 'ament_cmake'
[4.361s] INFO:colcon.colcon_cmake.task.cmake.build:Building CMake package in '/media/brokkoly/Brokkoly/Brokkoly-SW/brokkoly_ws/src/perception_pcl/pcl_ros'
[4.448s] INFO:colcon.colcon_core.plugin_system:Skipping extension 'colcon_core.shell.bat': Not used on non-Windows systems
[4.449s] INFO:colcon.colcon_core.shell:Skip shell extension 'powershell' for command environment: Not usable outside of PowerShell
[4.449s] DEBUG:colcon.colcon_core.shell:Skip shell extension 'dsv' for command environment
[4.642s] DEBUG:colcon.colcon_core.event_handler.log_command:Invoking command in '/media/brokkoly/Brokkoly/Brokkoly-SW/brokkoly_ws/src/perception_pcl/pcl_ros/build/pcl_ros': CMAKE_PREFIX_PATH=${CMAKE_PREFIX_PATH}:/home/brokkoly/ros2_foxy/install/ros2bag:/home/brokkoly/ros2_foxy/install/tracetools_launch:/home/brokkoly/ros2_foxy/install/topic_monitor:/home/brokkoly/ros2_foxy/install/examples_tf2_py:/home/brokkoly/ros2_foxy/install/sros2:/home/brokkoly/ros2_foxy/install/rqt_topic:/home/brokkoly/ros2_foxy/install/rqt_top:/home/brokkoly/ros2_foxy/install/rqt_srv:/home/brokkoly/ros2_foxy/install/rqt_shell:/home/brokkoly/ros2_foxy/install/rqt_service_caller:/home/brokkoly/ros2_foxy/install/rqt_reconfigure:/home/brokkoly/ros2_foxy/install/rqt_py_console:/home/brokkoly/ros2_foxy/install/rqt_publisher:/home/brokkoly/ros2_foxy/install/rqt_plot:/home/brokkoly/ros2_foxy/install/rqt_action:/home/brokkoly/ros2_foxy/install/rqt_msg:/home/brokkoly/ros2_foxy/install/rqt_console:/home/brokkoly/ros2_foxy/install/rqt:/home/brokkoly/ros2_foxy/install/rqt_graph:/home/brokkoly/ros2_foxy/install/rqt_gui_py:/home/brokkoly/ros2_foxy/install/rqt_gui:/home/brokkoly/ros2_foxy/install/ros2trace:/home/brokkoly/ros2_foxy/install/ros2topic:/home/brokkoly/ros2_foxy/install/ros2test:/home/brokkoly/ros2_foxy/install/ros2component:/home/brokkoly/ros2_foxy/install/ros2param:/home/brokkoly/ros2_foxy/install/ros2lifecycle:/home/brokkoly/ros2_foxy/install/ros2service:/home/brokkoly/ros2_foxy/install/ros2run:/home/brokkoly/ros2_foxy/install/ros2launch:/home/brokkoly/ros2_foxy/install/ros2pkg:/home/brokkoly/ros2_foxy/install/ros2node:/home/brokkoly/ros2_foxy/install/ros2multicast:/home/brokkoly/ros2_foxy/install/ros2interface:/home/brokkoly/ros2_foxy/install/ros2doctor:/home/brokkoly/ros2_foxy/install/ros2action:/home/brokkoly/ros2_foxy/install/ros2cli:/home/brokkoly/ros2_foxy/install/quality_of_service_demo_py:/home/brokkoly/ros2_foxy/install/launch_testing_ros:/home/brokkoly/ros2_foxy/install/launch_ros:/home/brokkoly/ros2_foxy/install/examples_rclpy_minimal_subscriber:/home/brokkoly/ros2_foxy/install/examples_rclpy_minimal_service:/home/brokkoly/ros2_foxy/install/examples_rclpy_minimal_publisher:/home/brokkoly/ros2_foxy/install/examples_rclpy_minimal_client:/home/brokkoly/ros2_foxy/install/examples_rclpy_minimal_action_server:/home/brokkoly/ros2_foxy/install/examples_rclpy_minimal_action_client:/home/brokkoly/ros2_foxy/install/examples_rclpy_executors:/home/brokkoly/ros2_foxy/install/demo_nodes_py:/home/brokkoly/ros2_foxy/install/action_tutorials_py:/home/brokkoly/ros2_foxy/install/ament_uncrustify:/home/brokkoly/ros2_foxy/install/tracetools_trace:/home/brokkoly/ros2_foxy/install/tracetools_read:/home/brokkoly/ros2_foxy/install/test_launch_ros:/home/brokkoly/ros2_foxy/install/sensor_msgs_py:/home/brokkoly/ros2_foxy/install/rpyutils:/home/brokkoly/ros2_foxy/install/rosidl_runtime_py:/home/brokkoly/ros2_foxy/install/launch_yaml:/home/brokkoly/ros2_foxy/install/launch_xml:/home/brokkoly/ros2_foxy/install/launch_testing:/home/brokkoly/ros2_foxy/install/launch:/home/brokkoly/ros2_foxy/install/osrf_pycommon:/home/brokkoly/ros2_foxy/install/domain_coordinator:/home/brokkoly/ros2_foxy/install/ament_xmllint:/home/brokkoly/ros2_foxy/install/ament_pyflakes:/home/brokkoly/ros2_foxy/install/ament_pycodestyle:/home/brokkoly/ros2_foxy/install/ament_pep257:/home/brokkoly/ros2_foxy/install/ament_pclint:/home/brokkoly/ros2_foxy/install/ament_package:/home/brokkoly/ros2_foxy/install/ament_mypy:/home/brokkoly/ros2_foxy/install/ament_lint_cmake:/home/brokkoly/ros2_foxy/install/ament_flake8:/home/brokkoly/ros2_foxy/install/ament_copyright:/home/brokkoly/ros2_foxy/install/ament_lint:/home/brokkoly/ros2_foxy/install/ament_index_python:/home/brokkoly/ros2_foxy/install/ament_cpplint:/home/brokkoly/ros2_foxy/install/ament_cppcheck:/home/brokkoly/ros2_foxy/install/ament_clang_tidy:/home/brokkoly/ros2_foxy/install/ament_clang_format /usr/local/bin/cmake /media/brokkoly/Brokkoly/Brokkoly-SW/brokkoly_ws/src/perception_pcl/pcl_ros -DCMAKE_INSTALL_PREFIX=/media/brokkoly/Brokkoly/Brokkoly-SW/brokkoly_ws/src/perception_pcl/pcl_ros/install/pcl_ros
[19.634s] DEBUG:colcon.colcon_core.event_handler.log_command:Invoked command in '/media/brokkoly/Brokkoly/Brokkoly-SW/brokkoly_ws/src/perception_pcl/pcl_ros/build/pcl_ros' returned '1': CMAKE_PREFIX_PATH=${CMAKE_PREFIX_PATH}:/home/brokkoly/ros2_foxy/install/ros2bag:/home/brokkoly/ros2_foxy/install/tracetools_launch:/home/brokkoly/ros2_foxy/install/topic_monitor:/home/brokkoly/ros2_foxy/install/examples_tf2_py:/home/brokkoly/ros2_foxy/install/sros2:/home/brokkoly/ros2_foxy/install/rqt_topic:/home/brokkoly/ros2_foxy/install/rqt_top:/home/brokkoly/ros2_foxy/install/rqt_srv:/home/brokkoly/ros2_foxy/install/rqt_shell:/home/brokkoly/ros2_foxy/install/rqt_service_caller:/home/brokkoly/ros2_foxy/install/rqt_reconfigure:/home/brokkoly/ros2_foxy/install/rqt_py_console:/home/brokkoly/ros2_foxy/install/rqt_publisher:/home/brokkoly/ros2_foxy/install/rqt_plot:/home/brokkoly/ros2_foxy/install/rqt_action:/home/brokkoly/ros2_foxy/install/rqt_msg:/home/brokkoly/ros2_foxy/install/rqt_console:/home/brokkoly/ros2_foxy/install/rqt:/home/brokkoly/ros2_foxy/install/rqt_graph:/home/brokkoly/ros2_foxy/install/rqt_gui_py:/home/brokkoly/ros2_foxy/install/rqt_gui:/home/brokkoly/ros2_foxy/install/ros2trace:/home/brokkoly/ros2_foxy/install/ros2topic:/home/brokkoly/ros2_foxy/install/ros2test:/home/brokkoly/ros2_foxy/install/ros2component:/home/brokkoly/ros2_foxy/install/ros2param:/home/brokkoly/ros2_foxy/install/ros2lifecycle:/home/brokkoly/ros2_foxy/install/ros2service:/home/brokkoly/ros2_foxy/install/ros2run:/home/brokkoly/ros2_foxy/install/ros2launch:/home/brokkoly/ros2_foxy/install/ros2pkg:/home/brokkoly/ros2_foxy/install/ros2node:/home/brokkoly/ros2_foxy/install/ros2multicast:/home/brokkoly/ros2_foxy/install/ros2interface:/home/brokkoly/ros2_foxy/install/ros2doctor:/home/brokkoly/ros2_foxy/install/ros2action:/home/brokkoly/ros2_foxy/install/ros2cli:/home/brokkoly/ros2_foxy/install/quality_of_service_demo_py:/home/brokkoly/ros2_foxy/install/launch_testing_ros:/home/brokkoly/ros2_foxy/install/launch_ros:/home/brokkoly/ros2_foxy/install/examples_rclpy_minimal_subscriber:/home/brokkoly/ros2_foxy/install/examples_rclpy_minimal_service:/home/brokkoly/ros2_foxy/install/examples_rclpy_minimal_publisher:/home/brokkoly/ros2_foxy/install/examples_rclpy_minimal_client:/home/brokkoly/ros2_foxy/install/examples_rclpy_minimal_action_server:/home/brokkoly/ros2_foxy/install/examples_rclpy_minimal_action_client:/home/brokkoly/ros2_foxy/install/examples_rclpy_executors:/home/brokkoly/ros2_foxy/install/demo_nodes_py:/home/brokkoly/ros2_foxy/install/action_tutorials_py:/home/brokkoly/ros2_foxy/install/ament_uncrustify:/home/brokkoly/ros2_foxy/install/tracetools_trace:/home/brokkoly/ros2_foxy/install/tracetools_read:/home/brokkoly/ros2_foxy/install/test_launch_ros:/home/brokkoly/ros2_foxy/install/sensor_msgs_py:/home/brokkoly/ros2_foxy/install/rpyutils:/home/brokkoly/ros2_foxy/install/rosidl_runtime_py:/home/brokkoly/ros2_foxy/install/launch_yaml:/home/brokkoly/ros2_foxy/install/launch_xml:/home/brokkoly/ros2_foxy/install/launch_testing:/home/brokkoly/ros2_foxy/install/launch:/home/brokkoly/ros2_foxy/install/osrf_pycommon:/home/brokkoly/ros2_foxy/install/domain_coordinator:/home/brokkoly/ros2_foxy/install/ament_xmllint:/home/brokkoly/ros2_foxy/install/ament_pyflakes:/home/brokkoly/ros2_foxy/install/ament_pycodestyle:/home/brokkoly/ros2_foxy/install/ament_pep257:/home/brokkoly/ros2_foxy/install/ament_pclint:/home/brokkoly/ros2_foxy/install/ament_package:/home/brokkoly/ros2_foxy/install/ament_mypy:/home/brokkoly/ros2_foxy/install/ament_lint_cmake:/home/brokkoly/ros2_foxy/install/ament_flake8:/home/brokkoly/ros2_foxy/install/ament_copyright:/home/brokkoly/ros2_foxy/install/ament_lint:/home/brokkoly/ros2_foxy/install/ament_index_python:/home/brokkoly/ros2_foxy/install/ament_cpplint:/home/brokkoly/ros2_foxy/install/ament_cppcheck:/home/brokkoly/ros2_foxy/install/ament_clang_tidy:/home/brokkoly/ros2_foxy/install/ament_clang_format /usr/local/bin/cmake /media/brokkoly/Brokkoly/Brokkoly-SW/brokkoly_ws/src/perception_pcl/pcl_ros -DCMAKE_INSTALL_PREFIX=/media/brokkoly/Brokkoly/Brokkoly-SW/brokkoly_ws/src/perception_pcl/pcl_ros/install/pcl_ros
[19.681s] Level 1:colcon.colcon_core.environment:create_environment_scripts_only(pcl_ros)
[19.787s] Level 1:colcon.colcon_core.environment:checking '/media/brokkoly/Brokkoly/Brokkoly-SW/brokkoly_ws/src/perception_pcl/pcl_ros/install/pcl_ros' for CMake module files
[19.789s] Level 1:colcon.colcon_core.environment:checking '/media/brokkoly/Brokkoly/Brokkoly-SW/brokkoly_ws/src/perception_pcl/pcl_ros/install/pcl_ros' for CMake config files
[19.791s] Level 1:colcon.colcon_core.environment:checking '/media/brokkoly/Brokkoly/Brokkoly-SW/brokkoly_ws/src/perception_pcl/pcl_ros/install/pcl_ros/bin'
[19.792s] Level 1:colcon.colcon_core.environment:checking '/media/brokkoly/Brokkoly/Brokkoly-SW/brokkoly_ws/src/perception_pcl/pcl_ros/install/pcl_ros/lib/pkgconfig/pcl_ros.pc'
[19.792s] Level 1:colcon.colcon_core.environment:checking '/media/brokkoly/Brokkoly/Brokkoly-SW/brokkoly_ws/src/perception_pcl/pcl_ros/install/pcl_ros/lib/python3.6/site-packages'
[19.793s] Level 1:colcon.colcon_core.environment:checking '/media/brokkoly/Brokkoly/Brokkoly-SW/brokkoly_ws/src/perception_pcl/pcl_ros/install/pcl_ros/bin'
[19.833s] INFO:colcon.colcon_core.shell:Creating package script '/media/brokkoly/Brokkoly/Brokkoly-SW/brokkoly_ws/src/perception_pcl/pcl_ros/install/pcl_ros/share/pcl_ros/package.ps1'
[19.837s] INFO:colcon.colcon_core.shell:Creating package descriptor '/media/brokkoly/Brokkoly/Brokkoly-SW/brokkoly_ws/src/perception_pcl/pcl_ros/install/pcl_ros/share/pcl_ros/package.dsv'
[19.838s] INFO:colcon.colcon_core.shell:Creating package script '/media/brokkoly/Brokkoly/Brokkoly-SW/brokkoly_ws/src/perception_pcl/pcl_ros/install/pcl_ros/share/pcl_ros/package.sh'
[19.841s] INFO:colcon.colcon_core.shell:Creating package script '/media/brokkoly/Brokkoly/Brokkoly-SW/brokkoly_ws/src/perception_pcl/pcl_ros/install/pcl_ros/share/pcl_ros/package.bash'
[19.844s] INFO:colcon.colcon_core.shell:Creating package script '/media/brokkoly/Brokkoly/Brokkoly-SW/brokkoly_ws/src/perception_pcl/pcl_ros/install/pcl_ros/share/pcl_ros/package.zsh'
[19.847s] Level 1:colcon.colcon_core.environment:create_file_with_runtime_dependencies(/media/brokkoly/Brokkoly/Brokkoly-SW/brokkoly_ws/src/perception_pcl/pcl_ros/install/pcl_ros/share/colcon-core/packages/pcl_ros)
[19.860s] DEBUG:colcon.colcon_parallel_executor.executor.parallel:closing loop
[19.861s] DEBUG:colcon.colcon_parallel_executor.executor.parallel:loop closed
[19.861s] DEBUG:colcon.colcon_parallel_executor.executor.parallel:run_until_complete finished with '1'
[19.861s] DEBUG:colcon.colcon_core.event_reactor:joining thread
[19.923s] INFO:colcon.colcon_core.plugin_system:Skipping extension 'colcon_notification.desktop_notification.terminal_notifier': Not used on non-Darwin systems
[19.924s] INFO:colcon.colcon_core.plugin_system:Skipping extension 'colcon_notification.desktop_notification.win32': Not used on non-Windows systems
[19.924s] INFO:colcon.colcon_notification.desktop_notification:Sending desktop notification using 'notify2'
[19.931s] DEBUG:colcon.colcon_core.event_reactor:joined thread
[19.976s] INFO:colcon.colcon_core.shell:Creating prefix script '/media/brokkoly/Brokkoly/Brokkoly-SW/brokkoly_ws/src/perception_pcl/pcl_ros/install/local_setup.ps1'
[19.980s] INFO:colcon.colcon_core.shell:Creating prefix util module '/media/brokkoly/Brokkoly/Brokkoly-SW/brokkoly_ws/src/perception_pcl/pcl_ros/install/_local_setup_util_ps1.py'
[19.988s] INFO:colcon.colcon_core.shell:Creating prefix chain script '/media/brokkoly/Brokkoly/Brokkoly-SW/brokkoly_ws/src/perception_pcl/pcl_ros/install/setup.ps1'
[20.061s] INFO:colcon.colcon_core.shell:Creating prefix script '/media/brokkoly/Brokkoly/Brokkoly-SW/brokkoly_ws/src/perception_pcl/pcl_ros/install/local_setup.sh'
[20.065s] INFO:colcon.colcon_core.shell:Creating prefix util module '/media/brokkoly/Brokkoly/Brokkoly-SW/brokkoly_ws/src/perception_pcl/pcl_ros/install/_local_setup_util_sh.py'
[20.066s] INFO:colcon.colcon_core.shell:Creating prefix chain script '/media/brokkoly/Brokkoly/Brokkoly-SW/brokkoly_ws/src/perception_pcl/pcl_ros/install/setup.sh'
[20.142s] INFO:colcon.colcon_core.shell:Creating prefix script '/media/brokkoly/Brokkoly/Brokkoly-SW/brokkoly_ws/src/perception_pcl/pcl_ros/install/local_setup.bash'
[20.145s] INFO:colcon.colcon_core.shell:Creating prefix chain script '/media/brokkoly/Brokkoly/Brokkoly-SW/brokkoly_ws/src/perception_pcl/pcl_ros/install/setup.bash'
[20.219s] INFO:colcon.colcon_core.shell:Creating prefix script '/media/brokkoly/Brokkoly/Brokkoly-SW/brokkoly_ws/src/perception_pcl/pcl_ros/install/local_setup.zsh'
[20.220s] INFO:colcon.colcon_core.shell:Creating prefix chain script '/media/brokkoly/Brokkoly/Brokkoly-SW/brokkoly_ws/src/perception_pcl/pcl_ros/install/setup.zsh'
